build/app/intermediates/proguard-rules/release/aapt_rules.txt
# Referenced at merged_manifests/release/AndroidManifest.xml:27
-keep class androidx.core.app.CoreComponentFactory { <init>(); }
# Referenced at merged_manifests/release/AndroidManifest.xml:32
-keep class com.coudeo.rstikapp.MainActivity { <init>(); }
# Referenced at merged_manifests/release/AndroidManifest.xml:174
-keep class com.google.android.gms.common.api.GoogleApiActivity { <init>(); }
# Referenced at merged_manifests/release/AndroidManifest.xml:141
-keep class com.google.android.gms.measurement.AppMeasurementInstallReferrerReceiver { <init>(); }
# Referenced at merged_manifests/release/AndroidManifest.xml:155
-keep class com.google.android.gms.measurement.AppMeasurementJobService { <init>(); }
# Referenced at merged_manifests/release/AndroidManifest.xml:136
-keep class com.google.android.gms.measurement.AppMeasurementReceiver { <init>(); }
# Referenced at merged_manifests/release/AndroidManifest.xml:151
-keep class com.google.android.gms.measurement.AppMeasurementService { <init>(); }
# Referenced at merged_manifests/release/AndroidManifest.xml:128
-keep class com.google.firebase.auth.internal.FederatedSignInActivity { <init>(); }
# Referenced at merged_manifests/release/AndroidManifest.xml:92
-keep class com.google.firebase.components.ComponentDiscoveryService { <init>(); }
# Referenced at merged_manifests/release/AndroidManifest.xml:161
-keep class com.google.firebase.iid.FirebaseInstanceIdReceiver { <init>(); }
# Referenced at merged_manifests/release/AndroidManifest.xml:179
-keep class com.google.firebase.provider.FirebaseInitProvider { <init>(); }
# Referenced at merged_manifests/release/AndroidManifest.xml:170
-keep class com.ndsthreeds.android.sdk.ChallengeFlowActivity { <init>(); }
# Referenced at merged_manifests/release/AndroidManifest.xml:27
-keep class io.flutter.app.FlutterApplication { <init>(); }
# Referenced at merged_manifests/release/AndroidManifest.xml:77
-keep class sqip.internal.CardEntryActivity { <init>(); }
# Referenced at merged_manifests/release/AndroidManifest.xml:87
-keep class sqip.internal.ContextCaptureContentProvider { <init>(); }
# Referenced at merged_manifests/release/AndroidManifest.xml:82
-keep class sqip.internal.verification.BuyerVerificationActivity { <init>(); }
# Referenced at res/layout/abc_alert_dialog_title_material.xml:56
# Referenced at res/layout/abc_alert_dialog_material.xml:52
# Referenced at res/layout/abc_alert_dialog_button_bar_material.xml:43
-keep class android.widget.Space { <init>(...); }

# Referenced at res/layout/abc_select_dialog_material.xml:23
-keep class androidx.appcompat.app.AlertController$RecycleListView { <init>(...); }

# Referenced at res/layout/abc_action_menu_item_layout.xml:17
-keep class androidx.appcompat.view.menu.ActionMenuItemView { <init>(...); }

# Referenced at res/layout/abc_expanded_menu_layout.xml:17
-keep class androidx.appcompat.view.menu.ExpandedMenuView { <init>(...); }

# Referenced at res/layout/abc_popup_menu_item_layout.xml:17
# Referenced at res/layout/abc_list_menu_item_layout.xml:17
# Referenced at res/layout/abc_cascading_menu_item_layout.xml:20
-keep class androidx.appcompat.view.menu.ListMenuItemView { <init>(...); }

# Referenced at res/layout/abc_screen_toolbar.xml:27
-keep class androidx.appcompat.widget.ActionBarContainer { <init>(...); }

# Referenced at res/layout/abc_screen_toolbar.xml:43
# Referenced at res/layout/abc_action_mode_bar.xml:19
-keep class androidx.appcompat.widget.ActionBarContextView { <init>(...); }

# Referenced at res/layout/abc_screen_toolbar.xml:17
-keep class androidx.appcompat.widget.ActionBarOverlayLayout { <init>(...); }

# Referenced at res/layout/abc_action_menu_layout.xml:17
-keep class androidx.appcompat.widget.ActionMenuView { <init>(...); }

# Referenced at res/layout/abc_activity_chooser_view.xml:19
-keep class androidx.appcompat.widget.ActivityChooserView$InnerLayout { <init>(...); }

# Referenced at res/layout/abc_alert_dialog_material.xml:18
-keep class androidx.appcompat.widget.AlertDialogLayout { <init>(...); }

# Referenced at res/layout/abc_alert_dialog_button_bar_material.xml:26
-keep class androidx.appcompat.widget.ButtonBarLayout { <init>(...); }

# Referenced at res/layout/abc_screen_content_include.xml:19
-keep class androidx.appcompat.widget.ContentFrameLayout { <init>(...); }

# Referenced at res/layout/abc_alert_dialog_title_material.xml:45
-keep class androidx.appcompat.widget.DialogTitle { <init>(...); }

# Referenced at res/layout/abc_screen_simple_overlay_action_mode.xml:23
-keep class androidx.appcompat.widget.FitWindowsFrameLayout { <init>(...); }

# Referenced at res/layout/abc_screen_simple.xml:17
# Referenced at res/layout/abc_dialog_title_material.xml:22
-keep class androidx.appcompat.widget.FitWindowsLinearLayout { <init>(...); }

# Referenced at res/layout/abc_search_view.xml:75
-keep class androidx.appcompat.widget.SearchView$SearchAutoComplete { <init>(...); }

# Referenced at res/layout/abc_screen_toolbar.xml:36
-keep class androidx.appcompat.widget.Toolbar { <init>(...); }

# Referenced at res/layout/abc_screen_simple_overlay_action_mode.xml:32
# Referenced at res/layout/abc_screen_simple.xml:25
-keep class androidx.appcompat.widget.ViewStubCompat { <init>(...); }

# Referenced at res/layout/sqip_gift_card_editor.xml:2
# Referenced at res/layout/sqip_card_editor.xml:72
# Referenced at res/layout/sqip_activity_gift_card_entry_small_card_constraints.xml:2
# Referenced at res/layout/sqip_activity_card_entry_small_card_constraints.xml:2
# Referenced at res/layout/sqip_activity_card_entry_horizontal_card_constraints.xml:2
# Referenced at res/layout/sqip_activity_card_entry.xml:2
# Referenced at res/layout/sqip_activity_buyer_verification.xml:2
-keep class androidx.constraintlayout.widget.ConstraintLayout { <init>(...); }

# Referenced at res/layout/abc_alert_dialog_material.xml:41
-keep class androidx.core.widget.NestedScrollView { <init>(...); }

# Referenced at res/layout/fragment_three_ds_html.xml:5
-keep class com.ndsthreeds.android.sdk.ThreeDsSdkWebView { <init>(...); }

# Referenced at res/layout/sqip_activity_gift_card_entry_small_card_constraints.xml:34
# Referenced at res/layout/sqip_activity_card_entry_small_card_constraints.xml:34
# Referenced at res/layout/sqip_activity_card_entry_horizontal_card_constraints.xml:34
# Referenced at res/layout/sqip_activity_card_entry.xml:37
-keep class sqip.internal.CardImage { <init>(...); }

# Referenced at res/layout/sqip_activity_card_entry_small_card_constraints.xml:13
# Referenced at res/layout/sqip_activity_card_entry_horizontal_card_constraints.xml:13
# Referenced at res/layout/sqip_activity_card_entry.xml:15
-keep class sqip.internal.CreditCardEditor { <init>(...); }

# Referenced at res/layout/sqip_gift_card_editor.xml:20
# Referenced at res/layout/sqip_card_editor.xml:32
-keep class sqip.internal.EditTextCursorWatcher { <init>(...); }

# Referenced at res/layout/sqip_activity_gift_card_entry_small_card_constraints.xml:13
-keep class sqip.internal.GiftCardEditor { <init>(...); }

# Referenced at res/layout/sqip_activity_gift_card_entry_small_card_constraints.xml:48
# Referenced at res/layout/sqip_activity_card_entry_small_card_constraints.xml:48
# Referenced at res/layout/sqip_activity_card_entry_horizontal_card_constraints.xml:51
# Referenced at res/layout/sqip_activity_card_entry.xml:52
-keep class sqip.internal.HelperTextSwitcher { <init>(...); }