build/app/outputs/mapping/release/mapping.txt
# compiler: R8
# compiler_version: 1.5.64
# min_api: 21
# pg_map_id: 6364357
...
com.nds.nudetect.ChallengeOutcome$41 -> c.c.a.k$i0:
    java.lang.Boolean apply(com.nds.nudetect.internal.IMetadataProvider) -> a
    java.lang.Object apply(java.lang.Object) -> a
com.nds.nudetect.ChallengeOutcome$42 -> c.c.a.k$j0:
    java.lang.Object apply(java.lang.Object) -> a
com.nds.nudetect.ChallengeOutcome$43 -> c.c.a.k$k0:
    com.nds.nudetect.internal.validator.library.FieldMetadata$SetterResult apply(com.nds.nudetect.internal.IMetadataProvider,java.lang.Object) -> a
    java.lang.Object apply(java.lang.Object,java.lang.Object) -> a
com.nds.nudetect.ChallengeOutcome$44 -> c.c.a.k$l0:
    java.lang.Object apply(com.nds.nudetect.internal.IMetadataProvider) -> a
    java.lang.Object apply(java.lang.Object) -> a
com.nds.nudetect.ChallengeOutcome$45 -> c.c.a.k$m0:
    java.lang.Object apply(java.lang.Object) -> a
com.nds.nudetect.ChallengeOutcome$46 -> c.c.a.k$n0:
    com.nds.nudetect.internal.validator.library.FieldMetadata$SetterResult apply(com.nds.nudetect.internal.IMetadataProvider,java.lang.Object) -> a
    java.lang.Object apply(java.lang.Object,java.lang.Object) -> a
com.nds.nudetect.ChallengeOutcome$47 -> c.c.a.k$o0:
    java.lang.Object apply(com.nds.nudetect.internal.IMetadataProvider) -> a
    java.lang.Object apply(java.lang.Object) -> a
com.nds.nudetect.ChallengeOutcome$48 -> c.c.a.k$p0:
    java.lang.Object apply(java.lang.Object) -> a
com.nds.nudetect.ChallengeOutcome$49 -> c.c.a.k$q0:
    com.nds.nudetect.internal.validator.library.FieldMetadata$SetterResult apply(com.nds.nudetect.internal.IMetadataProvider,java.lang.Object) -> a
    java.lang.Object apply(java.lang.Object,java.lang.Object) -> a
com.nds.nudetect.ChallengeOutcome$5 -> c.c.a.k$c1:
    com.nds.nudetect.internal.validator.library.FieldMetadata$SetterResult apply(com.nds.nudetect.internal.IMetadataProvider,java.lang.Object) -> a
    java.lang.Object apply(java.lang.Object,java.lang.Object) -> a
com.nds.nudetect.ChallengeOutcome$50 -> c.c.a.k$s0:
    java.lang.Object apply(com.nds.nudetect.internal.IMetadataProvider) -> a
    java.lang.Object apply(java.lang.Object) -> a
com.nds.nudetect.ChallengeOutcome$51 -> c.c.a.k$t0:
    java.lang.Object apply(java.lang.Object) -> a
com.nds.nudetect.ChallengeOutcome$52 -> c.c.a.k$u0:
    com.nds.nudetect.internal.validator.library.FieldMetadata$SetterResult apply(com.nds.nudetect.internal.IMetadataProvider,java.lang.Object) -> a
    java.lang.Object apply(java.lang.Object,java.lang.Object) -> a
com.nds.nudetect.ChallengeOutcome$53 -> c.c.a.k$v0:
    java.lang.Object apply(com.nds.nudetect.internal.IMetadataProvider) -> a
    java.lang.Object apply(java.lang.Object) -> a
com.nds.nudetect.ChallengeOutcome$54 -> c.c.a.k$w0:
    java.lang.Object apply(java.lang.Object) -> a
com.nds.nudetect.ChallengeOutcome$55 -> c.c.a.k$x0:
    com.nds.nudetect.internal.validator.library.FieldMetadata$SetterResult apply(com.nds.nudetect.internal.IMetadataProvider,java.lang.Object) -> a
    java.lang.Object apply(java.lang.Object,java.lang.Object) -> a
com.nds.nudetect.ChallengeOutcome$56 -> c.c.a.k$y0:
    java.lang.Object apply(com.nds.nudetect.internal.IMetadataProvider) -> a
    java.lang.Object apply(java.lang.Object) -> a
com.nds.nudetect.ChallengeOutcome$57 -> c.c.a.k$z0:
    java.lang.Object apply(java.lang.Object) -> a
com.nds.nudetect.ChallengeOutcome$58 -> c.c.a.k$a1:
    com.nds.nudetect.internal.validator.library.FieldMetadata$SetterResult apply(com.nds.nudetect.internal.IMetadataProvider,java.lang.Object) -> a
    java.lang.Object apply(java.lang.Object,java.lang.Object) -> a
com.nds.nudetect.ChallengeOutcome$59 -> c.c.a.k$b1:
    java.lang.Object apply(com.nds.nudetect.internal.IMetadataProvider) -> a
    java.lang.Object apply(java.lang.Object) -> a
com.nds.nudetect.ChallengeOutcome$6 -> c.c.a.k$n1:
    java.lang.Object apply(com.nds.nudetect.internal.IMetadataProvider) -> a
    java.lang.Object apply(java.lang.Object) -> a